2026-03-05 21:18:31,033 - INFO - 文件已存在，覆盖写入:, {file_path}
2026-03-05 21:18:31,042 - INFO - 数据写入完成
2026-03-06 12:13:32,053 - INFO - 已获取 000001.SZ 的十大股东信息并写入文件
2026-03-06 12:13:32,518 - INFO - 已获取 000002.SZ 的十大股东信息并写入文件
2026-03-06 12:13:33,004 - INFO - 已获取 000004.SZ 的十大股东信息并写入文件
2026-03-06 12:13:33,475 - INFO - 已获取 000006.SZ 的十大股东信息并写入文件
2026-03-06 12:13:33,997 - INFO - 已获取 000007.SZ 的十大股东信息并写入文件
2026-03-06 12:13:34,506 - INFO - 已获取 000008.SZ 的十大股东信息并写入文件
2026-03-06 12:13:35,045 - INFO - 已获取 000009.SZ 的十大股东信息并写入文件
2026-03-06 12:13:35,674 - INFO - 已获取 000010.SZ 的十大股东信息并写入文件
2026-03-06 12:13:36,139 - INFO - 已获取 000011.SZ 的十大股东信息并写入文件
2026-03-06 12:13:36,670 - INFO - 已获取 000012.SZ 的十大股东信息并写入文件
2026-03-06 12:13:37,136 - INFO - 已获取 000014.SZ 的十大股东信息并写入文件
2026-03-06 12:13:37,561 - INFO - 已获取 000016.SZ 的十大股东信息并写入文件
2026-03-06 12:13:38,012 - INFO - 已获取 000017.SZ 的十大股东信息并写入文件
2026-03-06 12:13:38,554 - INFO - 已获取 000019.SZ 的十大股东信息并写入文件
2026-03-06 12:13:39,018 - INFO - 已获取 000020.SZ 的十大股东信息并写入文件
2026-03-06 12:13:39,518 - INFO - 已获取 000021.SZ 的十大股东信息并写入文件
2026-03-06 12:13:40,026 - INFO - 已获取 001872.SZ 的十大股东信息并写入文件
2026-03-06 12:13:40,630 - INFO - 已获取 000025.SZ 的十大股东信息并写入文件
2026-03-06 12:13:41,163 - INFO - 已获取 000026.SZ 的十大股东信息并写入文件
2026-03-06 12:13:41,639 - INFO - 已获取 000027.SZ 的十大股东信息并写入文件
2026-03-06 12:13:42,120 - INFO - 已获取 000028.SZ 的十大股东信息并写入文件
2026-03-06 12:13:42,582 - INFO - 已获取 000029.SZ 的十大股东信息并写入文件
2026-03-06 12:13:43,078 - INFO - 已获取 000030.SZ 的十大股东信息并写入文件
2026-03-06 12:13:43,586 - INFO - 已获取 000031.SZ 的十大股东信息并写入文件
2026-03-06 12:13:44,053 - INFO - 已获取 000032.SZ 的十大股东信息并写入文件
2026-03-06 12:13:44,544 - INFO - 已获取 000034.SZ 的十大股东信息并写入文件
2026-03-06 12:13:44,996 - INFO - 已获取 000035.SZ 的十大股东信息并写入文件
2026-03-06 12:13:45,439 - INFO - 已获取 000036.SZ 的十大股东信息并写入文件
2026-03-06 12:13:45,909 - INFO - 已获取 000037.SZ 的十大股东信息并写入文件
2026-03-06 12:13:46,383 - INFO - 已获取 000039.SZ 的十大股东信息并写入文件
2026-03-06 12:13:46,834 - INFO - 已获取 000042.SZ 的十大股东信息并写入文件
2026-03-06 12:13:47,286 - INFO - 已获取 001914.SZ 的十大股东信息并写入文件
2026-03-06 12:13:47,757 - INFO - 已获取 000045.SZ 的十大股东信息并写入文件
2026-03-06 12:13:48,201 - INFO - 已获取 000048.SZ 的十大股东信息并写入文件
2026-03-06 12:13:48,761 - INFO - 已获取 000049.SZ 的十大股东信息并写入文件
2026-03-06 12:13:49,206 - INFO - 已获取 000050.SZ 的十大股东信息并写入文件
2026-03-06 12:13:49,660 - INFO - 已获取 000055.SZ 的十大股东信息并写入文件
2026-03-06 12:13:50,112 - INFO - 已获取 000056.SZ 的十大股东信息并写入文件
2026-03-06 12:14:58,185 - INFO - 已获取 000001.SZ 的十大股东信息并写入文件
2026-03-06 12:14:58,447 - INFO - 已获取 000002.SZ 的十大股东信息并写入文件
2026-03-06 12:14:58,698 - INFO - 已获取 000004.SZ 的十大股东信息并写入文件
2026-03-06 12:14:58,991 - INFO - 已获取 000006.SZ 的十大股东信息并写入文件
2026-03-06 12:14:59,306 - INFO - 已获取 000007.SZ 的十大股东信息并写入文件
2026-03-06 12:18:25,931 - INFO - 已获取 000001.SZ 的十大股东信息并写入文件
2026-03-06 12:18:26,314 - INFO - 已获取 000002.SZ 的十大股东信息并写入文件
2026-03-06 12:18:26,583 - INFO - 已获取 000004.SZ 的十大股东信息并写入文件
2026-03-06 12:18:26,854 - INFO - 已获取 000006.SZ 的十大股东信息并写入文件
2026-03-06 12:18:27,147 - INFO - 已获取 000007.SZ 的十大股东信息并写入文件
2026-03-06 12:19:17,788 - INFO - 已获取 000001.SZ 的十大股东信息并写入文件
2026-03-06 12:19:18,071 - INFO - 已获取 000002.SZ 的十大股东信息并写入文件
2026-03-06 12:19:18,351 - INFO - 已获取 000004.SZ 的十大股东信息并写入文件
2026-03-06 12:19:18,672 - INFO - 已获取 000006.SZ 的十大股东信息并写入文件
2026-03-06 12:19:18,924 - INFO - 已获取 000007.SZ 的十大股东信息并写入文件
2026-03-06 12:59:45,421 - INFO - 已获取 000001.SZ 的十大股东信息并写入文件
2026-03-06 12:59:45,856 - INFO - 已获取 000002.SZ 的十大股东信息并写入文件
2026-03-06 12:59:46,349 - INFO - 已获取 000004.SZ 的十大股东信息并写入文件
2026-03-06 12:59:46,789 - INFO - 已获取 000006.SZ 的十大股东信息并写入文件
2026-03-06 12:59:47,271 - INFO - 已获取 000007.SZ 的十大股东信息并写入文件
2026-03-06 13:45:51,211 - WARNING - ['000001.SZ']上上个季度数据也为空，无法获取股东信息
2026-03-06 13:46:14,810 - WARNING - ['000001.SZ']上上个季度数据也为空，无法获取股东信息
2026-03-06 14:11:11,564 - WARNING - 股票代码 000001.SZ 在 20251001 至 20251231 期间没有前十大流通股东数据
2026-03-06 14:11:12,484 - WARNING - 股票代码 000002.SZ 在 20251001 至 20251231 期间没有前十大流通股东数据
2026-03-06 14:11:14,306 - WARNING - 股票代码 000004.SZ 在 20251001 至 20251231 期间没有前十大流通股东数据
2026-03-06 14:11:15,212 - WARNING - 股票代码 000006.SZ 在 20251001 至 20251231 期间没有前十大流通股东数据
2026-03-06 14:11:16,217 - WARNING - 股票代码 000007.SZ 在 20251001 至 20251231 期间没有前十大流通股东数据
2026-03-06 14:11:17,122 - WARNING - 股票代码 000008.SZ 在 20251001 至 20251231 期间没有前十大流通股东数据
2026-03-06 14:11:18,030 - WARNING - 股票代码 000009.SZ 在 20251001 至 20251231 期间没有前十大流通股东数据
2026-03-06 14:11:19,330 - WARNING - 股票代码 000010.SZ 在 20251001 至 20251231 期间没有前十大流通股东数据
2026-03-06 14:11:21,042 - WARNING - 股票代码 000011.SZ 在 20251001 至 20251231 期间没有前十大流通股东数据
2026-03-06 14:11:23,569 - WARNING - 股票代码 000012.SZ 在 20251001 至 20251231 期间没有前十大流通股东数据
2026-03-06 14:12:55,537 - WARNING - 股票代码 000001.SZ 在 20251001 至 20251231 期间没有前十大流通股东数据
2026-03-06 14:12:56,074 - WARNING - 股票代码 000002.SZ 在 20251001 至 20251231 期间没有前十大流通股东数据
2026-03-06 14:12:56,616 - WARNING - 股票代码 000004.SZ 在 20251001 至 20251231 期间没有前十大流通股东数据
2026-03-06 14:12:57,174 - WARNING - 股票代码 000006.SZ 在 20251001 至 20251231 期间没有前十大流通股东数据
2026-03-06 14:12:57,752 - WARNING - 股票代码 000007.SZ 在 20251001 至 20251231 期间没有前十大流通股东数据
2026-03-06 14:12:58,320 - WARNING - 股票代码 000008.SZ 在 20251001 至 20251231 期间没有前十大流通股东数据
2026-03-06 14:12:58,866 - WARNING - 股票代码 000009.SZ 在 20251001 至 20251231 期间没有前十大流通股东数据
2026-03-06 14:12:59,425 - WARNING - 股票代码 000010.SZ 在 20251001 至 20251231 期间没有前十大流通股东数据
2026-03-06 14:12:59,978 - WARNING - 股票代码 000011.SZ 在 20251001 至 20251231 期间没有前十大流通股东数据
2026-03-06 14:13:00,515 - WARNING - 股票代码 000012.SZ 在 20251001 至 20251231 期间没有前十大流通股东数据
2026-03-06 14:13:01,446 - WARNING - 股票代码 000014.SZ 在 20251001 至 20251231 期间没有前十大流通股东数据
2026-03-06 14:13:37,497 - WARNING - 股票代码 000001.SZ 在 20251001 至 20251231 期间没有前十大流通股东数据
2026-03-06 14:13:38,046 - WARNING - 股票代码 000002.SZ 在 20251001 至 20251231 期间没有前十大流通股东数据
2026-03-06 14:13:38,325 - INFO - 已获取 000002.SZ 的十大流通股东信息并写入文件
2026-03-06 14:13:51,266 - WARNING - 股票代码 000001.SZ 在 20251001 至 20251231 期间没有前十大流通股东数据
2026-03-06 14:13:51,827 - WARNING - 股票代码 000002.SZ 在 20251001 至 20251231 期间没有前十大流通股东数据
2026-03-06 14:13:52,106 - INFO - 已获取 000002.SZ 的十大流通股东信息并写入文件
2026-03-06 14:15:24,734 - WARNING - 股票代码 000001.SZ 在 20251001 至 20251231 期间没有前十大流通股东数据
2026-03-06 14:15:25,016 - INFO - 已获取 000001.SZ 的十大流通股东信息并写入文件
2026-03-06 14:15:25,304 - WARNING - 股票代码 000002.SZ 在 20251001 至 20251231 期间没有前十大流通股东数据
2026-03-06 14:15:25,651 - INFO - 已获取 000002.SZ 的十大流通股东信息并写入文件
2026-03-06 14:16:32,502 - WARNING - 股票代码 000001.SZ 在 20251001 至 20251231 期间没有前十大流通股东数据
2026-03-06 14:16:32,744 - INFO - 已获取 000001.SZ 的十大流通股东信息并写入文件
2026-03-06 14:16:33,013 - WARNING - 股票代码 000002.SZ 在 20251001 至 20251231 期间没有前十大流通股东数据
2026-03-06 14:16:33,276 - INFO - 已获取 000002.SZ 的十大流通股东信息并写入文件
2026-03-06 14:20:50,848 - WARNING - 股票代码 000001.SZ 在 20251001 至 20251231 期间没有前十大流通股东数据
2026-03-06 14:20:51,107 - INFO - 已获取 000001.SZ 的十大流通股东信息并写入文件
2026-03-06 14:20:51,396 - WARNING - 股票代码 000002.SZ 在 20251001 至 20251231 期间没有前十大流通股东数据
2026-03-06 14:20:51,681 - INFO - 已获取 000002.SZ 的十大流通股东信息并写入文件
2026-03-06 15:21:06,416 - INFO - 已获取 000001.SZ 的高管信息并写入文件
2026-03-06 15:21:06,874 - INFO - 已获取 000002.SZ 的高管信息并写入文件
2026-03-06 15:21:07,305 - INFO - 已获取 000004.SZ 的高管信息并写入文件
2026-03-06 15:21:07,776 - INFO - 已获取 000006.SZ 的高管信息并写入文件
2026-03-06 15:21:08,222 - INFO - 已获取 000007.SZ 的高管信息并写入文件
2026-03-06 15:21:08,692 - INFO - 已获取 000008.SZ 的高管信息并写入文件
2026-03-06 15:21:09,165 - INFO - 已获取 000009.SZ 的高管信息并写入文件
2026-03-06 15:21:09,609 - INFO - 已获取 000010.SZ 的高管信息并写入文件
2026-03-06 15:21:10,085 - INFO - 已获取 000011.SZ 的高管信息并写入文件
2026-03-06 15:21:10,563 - INFO - 已获取 000012.SZ 的高管信息并写入文件
2026-03-06 15:21:11,075 - INFO - 已获取 000014.SZ 的高管信息并写入文件
2026-03-06 15:21:11,505 - INFO - 已获取 000016.SZ 的高管信息并写入文件
2026-03-06 15:21:11,948 - INFO - 已获取 000017.SZ 的高管信息并写入文件
2026-03-06 15:21:12,409 - INFO - 已获取 000019.SZ 的高管信息并写入文件
2026-03-06 15:21:12,845 - INFO - 已获取 000020.SZ 的高管信息并写入文件
2026-03-06 15:21:13,366 - INFO - 已获取 000021.SZ 的高管信息并写入文件
2026-03-06 15:21:13,815 - INFO - 已获取 001872.SZ 的高管信息并写入文件
2026-03-06 15:21:14,291 - INFO - 已获取 000025.SZ 的高管信息并写入文件
2026-03-06 15:21:14,757 - INFO - 已获取 000026.SZ 的高管信息并写入文件
